<?xml version="1.0" encoding="UTF-8"?>
<!-- Generated by org.testng.reporters.JUnitReportReporter -->
<testsuite hostname="ARPGL007006" name="com.testcases.EditTestTc4" tests="1" failures="0" timestamp="8 Dec 2021 10:10:05 GMT" time="1.871" errors="0">
  <testcase name="EditDetails" time="1.871" classname="com.testcases.EditTestTc4"/>
</testsuite> <!-- com.testcases.EditTestTc4 -->
