<?xml version="1.0" encoding="UTF-8"?>
<!-- Generated by org.testng.reporters.JUnitReportReporter -->
<testsuite hostname="ARPGL007006" name="TC_1.TC04Test" tests="1" failures="0" timestamp="7 Dec 2021 07:37:52 GMT" time="4.039" errors="0">
  <testcase name="tC04" time="4.039" classname="TC_1.TC04Test"/>
</testsuite> <!-- TC_1.TC04Test -->
