<?xml version="1.0" encoding="UTF-8"?>
<!-- Generated by org.testng.reporters.JUnitReportReporter -->
<testsuite hostname="ARPGL007006" name="TC_1.TC_002" tests="1" failures="0" timestamp="1 Dec 2021 10:34:44 GMT" time="12.994" errors="0">
  <testcase name="Test_002" time="12.994" classname="TC_1.TC_002"/>
</testsuite> <!-- TC_1.TC_002 -->
