<?xml version="1.0" encoding="UTF-8"?>
<!-- Generated by org.testng.reporters.JUnitReportReporter -->
<testsuite hostname="ARPGL007006" name="productDetails.TC712TempTest" tests="1" failures="0" timestamp="6 Dec 2021 11:29:02 GMT" time="10.253" errors="0">
  <testcase name="tC712" time="10.253" classname="productDetails.TC712TempTest"/>
</testsuite> <!-- productDetails.TC712TempTest -->
