<?xml version="1.0" encoding="UTF-8"?>
<!-- Generated by org.testng.reporters.JUnitReportReporter -->
<testsuite hostname="ARPGL007006" name="com.testcases.demo" tests="1" failures="0" timestamp="15 Dec 2021 07:57:43 GMT" time="2.377" errors="0">
  <testcase name="LoginApplication" time="2.377" classname="com.testcases.demo"/>
</testsuite> <!-- com.testcases.demo -->
