<?xml version="1.0" encoding="UTF-8"?>
<!-- Generated by org.testng.reporters.JUnitReportReporter -->
<testsuite hostname="ARPGL007006" name="com.testcases.checkout" tests="2" failures="0" timestamp="17 Dec 2021 06:07:50 GMT" time="7.827" errors="0">
  <testcase name="CheckoutToOpenCart" time="6.032" classname="com.testcases.checkout"/>
  <testcase name="EditDetails" time="1.795" classname="com.testcases.checkout"/>
</testsuite> <!-- com.testcases.checkout -->
