<?xml version="1.0" encoding="UTF-8"?>
<!-- Generated by org.testng.reporters.JUnitReportReporter -->
<testsuite hostname="ARPGL007006" name="productDetails.TC709Test" tests="1" failures="0" timestamp="7 Dec 2021 07:57:13 GMT" time="9.961" errors="0">
  <testcase name="tC709" time="9.961" classname="productDetails.TC709Test"/>
</testsuite> <!-- productDetails.TC709Test -->
