<?xml version="1.0" encoding="UTF-8"?>
<!-- Generated by org.testng.reporters.JUnitReportReporter -->
<testsuite hostname="ARPGL007006" name="TC_1.TC03Test" tests="1" failures="0" timestamp="7 Dec 2021 14:34:39 GMT" time="3.361" errors="0">
  <testcase name="tC04" time="3.361" classname="TC_1.TC03Test"/>
</testsuite> <!-- TC_1.TC03Test -->
