<?xml version="1.0" encoding="UTF-8"?>
<!-- Generated by org.testng.reporters.JUnitReportReporter -->
<testsuite hostname="ARPGL007006" name="com.testcases.validation" tests="2" failures="0" timestamp="17 Dec 2021 06:07:50 GMT" time="6.151" errors="0">
  <testcase name="NevigationToHomePage" time="4.618" classname="com.testcases.validation"/>
  <testcase name="validationError" time="1.533" classname="com.testcases.validation"/>
</testsuite> <!-- com.testcases.validation -->
