<?xml version="1.0" encoding="UTF-8"?>
<!-- Generated by org.testng.reporters.JUnitReportReporter -->
<testsuite hostname="ARPGL007006" name="com.testcases.RegisterTest" tests="6" failures="0" timestamp="22 Dec 2021 06:34:41 GMT" time="29.400" errors="0">
  <testcase name="LoginApplication" time="3.835" classname="com.testcases.RegisterTest"/>
  <testcase name="NevigationToHomePage" time="5.661" classname="com.testcases.RegisterTest"/>
  <testcase name="RegisterAppliction" time="6.547" classname="com.testcases.RegisterTest"/>
  <testcase name="validationError" time="2.214" classname="com.testcases.RegisterTest"/>
  <testcase name="EditDetails" time="5.627" classname="com.testcases.RegisterTest"/>
  <testcase name="CheckoutToOpenCart" time="5.516" classname="com.testcases.RegisterTest"/>
</testsuite> <!-- com.testcases.RegisterTest -->
