<?xml version="1.0" encoding="UTF-8"?>
<!-- Generated by org.testng.reporters.JUnitReportReporter -->
<testsuite hostname="ARPGL007006" name="productDetails.TC712Test" tests="1" failures="0" timestamp="7 Dec 2021 08:05:25 GMT" time="9.996" errors="0">
  <testcase name="tC712" time="9.996" classname="productDetails.TC712Test"/>
</testsuite> <!-- productDetails.TC712Test -->
