<?xml version="1.0" encoding="UTF-8"?>
<!-- Generated by org.testng.reporters.JUnitReportReporter -->
<testsuite hostname="ARPGL007006" name="com.testcases.RegisterTest" tests="1" failures="0" timestamp="17 Dec 2021 06:07:50 GMT" time="3.852" errors="0">
  <testcase name="RegisterAppliction" time="3.852" classname="com.testcases.RegisterTest"/>
</testsuite> <!-- com.testcases.RegisterTest -->
