<?xml version="1.0" encoding="UTF-8"?>
<!-- Generated by org.testng.reporters.JUnitReportReporter -->
<testsuite hostname="ARPGL007006" name="com.testcases.LoginTestTC1" tests="1" failures="0" timestamp="7 Dec 2021 15:12:04 GMT" time="12.640" errors="0">
  <testcase name="LoginApplication" time="12.640" classname="com.testcases.LoginTestTC1"/>
</testsuite> <!-- com.testcases.LoginTestTC1 -->
