<?xml version="1.0" encoding="UTF-8"?>
<!-- Generated by org.testng.reporters.JUnitReportReporter -->
<testsuite hostname="ARPGL007006" name="com.testcases.EditTest" tests="1" failures="0" timestamp="13 Dec 2021 09:47:50 GMT" time="4.908" errors="0">
  <testcase name="EditDetails" time="4.908" classname="com.testcases.EditTest"/>
</testsuite> <!-- com.testcases.EditTest -->
