<?xml version="1.0" encoding="UTF-8"?>
<!-- Generated by org.testng.reporters.JUnitReportReporter -->
<testsuite hostname="ARPGL007006" name="com.testcases.HomePageTC1" tests="1" failures="0" timestamp="9 Dec 2021 08:18:14 GMT" time="0.120" errors="0">
  <testcase name="tC01" time="0.120" classname="com.testcases.HomePageTC1"/>
</testsuite> <!-- com.testcases.HomePageTC1 -->
