<?xml version="1.0" encoding="UTF-8"?>
<!-- Generated by org.testng.reporters.JUnitReportReporter -->
<testsuite hostname="ARPGL007006" name="com.testcases.validationTC3_01" tests="1" failures="0" timestamp="8 Dec 2021 11:14:45 GMT" time="3.245" errors="0">
  <testcase name="validationError" time="3.245" classname="com.testcases.validationTC3_01"/>
</testsuite> <!-- com.testcases.validationTC3_01 -->
