<?xml version="1.0" encoding="UTF-8"?>
<!-- Generated by org.testng.reporters.JUnitReportReporter -->
<testsuite hostname="ARPGL007006" name="TC_1.TC01Test" tests="1" failures="0" timestamp="7 Dec 2021 14:35:34 GMT" time="0.279" errors="0">
  <testcase name="tC01" time="0.279" classname="TC_1.TC01Test"/>
</testsuite> <!-- TC_1.TC01Test -->
