<?xml version="1.0" encoding="UTF-8"?>
<!-- Generated by org.testng.reporters.JUnitReportReporter -->
<testsuite hostname="ARPGL007006" name="com.testcases.LoginTestTC2" tests="1" failures="0" timestamp="7 Dec 2021 15:25:39 GMT" time="10.508" errors="0">
  <testcase name="LoginApplication" time="10.508" classname="com.testcases.LoginTestTC2"/>
</testsuite> <!-- com.testcases.LoginTestTC2 -->
