<?xml version="1.0" encoding="UTF-8"?>
<!-- Generated by org.testng.reporters.JUnitReportReporter -->
<testsuite hostname="ARPGL007006" name="productDetails.TC713Test" tests="1" failures="0" timestamp="7 Dec 2021 10:09:11 GMT" time="9.807" errors="0">
  <testcase name="tC713" time="9.807" classname="productDetails.TC713Test"/>
</testsuite> <!-- productDetails.TC713Test -->
