<?xml version="1.0" encoding="UTF-8"?>
<!-- Generated by org.testng.reporters.JUnitReportReporter -->
<testsuite hostname="ARPGL007006" name="com.testcases.Nevigation" tests="1" failures="0" timestamp="9 Dec 2021 06:41:39 GMT" time="9.549" errors="0">
  <testcase name="NevigationToHomePage" time="9.549" classname="com.testcases.Nevigation"/>
</testsuite> <!-- com.testcases.Nevigation -->
