<?xml version="1.0" encoding="UTF-8"?>
<!-- Generated by org.testng.reporters.JUnitReportReporter -->
<testsuite hostname="HJNZL002008" failures="0" tests="1" name="testCASES.LoginTest" time="5.246" errors="0" timestamp="12 Dec 2021 20:29:39 GMT">
  <testcase classname="testCASES.LoginTest" name="loginApp" time="5.246"/>
</testsuite> <!-- testCASES.LoginTest -->
