<?xml version="1.0" encoding="UTF-8"?>
<!-- Generated by org.testng.reporters.JUnitReportReporter -->
<testsuite hostname="HJNZL002008" failures="0" tests="1" name="testCASES.TestCase2" time="0.020" errors="0" timestamp="12 Dec 2021 22:30:04 GMT">
  <testcase classname="testCASES.TestCase2" name="RedirectingPage" time="0.020"/>
</testsuite> <!-- testCASES.TestCase2 -->
